<?xml version="1.0" encoding="UTF-8"?>
<testng-results skipped="0" failed="0" total="1" passed="1">
  <reporter-output>
  </reporter-output>
  <suite name="Default suite" duration-ms="45094" started-at="2018-09-26T02:26:17Z" finished-at="2018-09-26T02:27:02Z">
    <groups>
      <group name="cucumber">
        <method signature="AbstractTestNGCucumberTests.feature(cucumber.api.testng.CucumberFeatureWrapper)[pri:0, instance:Runner.DefaultRunner@ff5b51f]" name="feature" class="cucumber.api.testng.AbstractTestNGCucumberTests"/>
      </group> <!-- cucumber -->
    </groups>
    <test name="Default test" duration-ms="45094" started-at="2018-09-26T02:26:17Z" finished-at="2018-09-26T02:27:02Z">
      <class name="Runner.DefaultRunner">
        <test-method status="PASS" signature="setUpClass()[pri:0, instance:Runner.DefaultRunner@ff5b51f]" name="setUpClass" is-config="true" duration-ms="236" started-at="2018-09-25T22:26:17Z" finished-at="2018-09-25T22:26:17Z">
          <reporter-output>
          </reporter-output>
        </test-method> <!-- setUpClass -->
        <test-method status="PASS" signature="feature(cucumber.api.testng.CucumberFeatureWrapper)[pri:0, instance:Runner.DefaultRunner@ff5b51f]" name="feature" duration-ms="44681" started-at="2018-09-25T22:26:17Z" description="Runs Cucumber Feature" data-provider="features" finished-at="2018-09-25T22:27:02Z">
          <params>
            <param index="0">
              <value>
                <![CDATA[Facebook login]]>
              </value>
            </param>
          </params>
          <reporter-output>
          </reporter-output>
        </test-method> <!-- feature -->
        <test-method status="PASS" signature="tearDownClass()[pri:0, instance:Runner.DefaultRunner@ff5b51f]" name="tearDownClass" is-config="true" duration-ms="88" started-at="2018-09-25T22:27:02Z" finished-at="2018-09-25T22:27:02Z">
          <reporter-output>
          </reporter-output>
        </test-method> <!-- tearDownClass -->
      </class> <!-- Runner.DefaultRunner -->
    </test> <!-- Default test -->
  </suite> <!-- Default suite -->
</testng-results>
